make.exe all --print-data-base --no-builtin-variables --no-builtin-rules --question
make: *** No rule to make target 'all'.  Stop.

# GNU Make 4.3
# Built for Windows32
# Copyright (C) 1988-2020 Free Software Foundation, Inc.
# License GPLv3+: GNU GPL version 3 or later <http://gnu.org/licenses/gpl.html>
# This is free software: you are free to change and redistribute it.
# There is NO WARRANTY, to the extent permitted by law.

# Make data base, printed on Mon Aug 22 12:58:10 2022

# Variables

# environment
SYSTEMDRIVE = C:
# environment
LC_ALL = C
# environment
USERPROFILE = C:\Users\okpal
# environment
LOCALAPPDATA = C:\Users\okpal\AppData\Local
# environment
VSCODE_CWD = C:\Users\Devology\MyRepos\json-parser
# environment
CHOCOLATEYINSTALL = C:\ProgramData\chocolatey
# environment
SYSTEMROOT = C:\windows
# environment
PROCESSOR_LEVEL = 23
# environment
PSMODULEPATH = C:\Users\okpal\Documents\PowerShell\Modules;C:\Program Files\PowerShell\Modules;c:\program files\powershell\7\Modules;C:\Program Files\WindowsPowerShell\Modules;C:\windows\system32\WindowsPowerShell\v1.0\Modules
# default
MAKE_COMMAND := C:/ProgramData/chocolatey/lib/make/tools/install/bin/make.exe
# environment
GOPATH = C:\Users\okpal\go
# automatic
@D = $(patsubst %/,%,$(patsubst %\,%,$(dir $@)))
# environment
LUA_DEV = C:\Program Files (x86)\Lua\5.1
# environment
CHROME_CRASHPAD_PIPE_NAME = \\.\pipe\crashpad_26848_DGTTUFQXZADBXUVJ
# environment
VSCODE_HANDLES_UNCAUGHT_ERRORS = true
# default
.VARIABLES := 
# automatic
%D = $(patsubst %/,%,$(patsubst %\,%,$(dir $%)))
# automatic
^D = $(patsubst %/,%,$(patsubst %\,%,$(dir $^)))
# automatic
%F = $(notdir $%)
# environment
CONDA_PROMPT_MODIFIER = (base) 
# environment
VSCODE_CODE_CACHE_PATH = C:\Users\okpal\AppData\Roaming\Code - Insiders\CachedData\73fd3f11032e7b83c2ae011b5516e6ddd19e3db2
# environment
LANG = C
# default
.LOADED := 
# environment
TMP = C:\Users\okpal\AppData\Local\Temp
# default
.INCLUDE_DIRS = .
# environment
PROCESSOR_ARCHITEW6432 = AMD64
# makefile
MAKEFLAGS = pqrR
# environment
ONEDRIVE = C:\Users\okpal\OneDrive
# environment
POWERSHELL_DISTRIBUTION_CHANNEL = MSI:Windows 10 Home
# makefile
CURDIR := c:/Users/Devology/MyRepos/json-parser
# environment
APPLICATION_INSIGHTS_NO_DIAGNOSTIC_CHANNEL = true
# automatic
*D = $(patsubst %/,%,$(patsubst %\,%,$(dir $*)))
# environment
PROGRAMFILES = C:\Program Files (x86)
# environment
MFLAGS = -pqrR
# default
.SHELLFLAGS := -c
# environment
COMMONPROGRAMW6432 = C:\Program Files\Common Files
# automatic
+D = $(patsubst %/,%,$(patsubst %\,%,$(dir $+)))
# makefile
MAKEFILE_LIST := 
# environment
CONDA_SHLVL = 1
# automatic
@F = $(notdir $@)
# environment
VSCODE_PID = 26848
# environment
CLION = C:\Program Files\JetBrains\CLion 2022.1.3\bin;
# automatic
?D = $(patsubst %/,%,$(patsubst %\,%,$(dir $?)))
# environment
ONLINESERVICES = Online Services
# environment
CONDA_PYTHON_EXE = C:\Users\okpal\anaconda3\python.exe
# automatic
*F = $(notdir $*)
# environment
LUA_PATH = ;;C:\Program Files (x86)\Lua\5.1\lua\?.luac
# automatic
<D = $(patsubst %/,%,$(patsubst %\,%,$(dir $<)))
# environment
VSCODE_NLS_CONFIG = {"locale":"en-gb","availableLanguages":{},"_languagePackSupport":true}
# environment
ONEDRIVECONSUMER = C:\Users\okpal\OneDrive
# default
MAKE_HOST := Windows32
# environment
PROGRAMDATA = C:\ProgramData
# environment
CONDA_PREFIX = C:\Users\okpal\anaconda3
# default
SHELL := sh.exe
# environment
HOMEPATH = \Users\okpal
# environment
PLATFORMIO_CALLER = vscode
# default
MAKECMDGOALS := all
# environment
DRIVERDATA = C:\Windows\System32\Drivers\DriverData
# environment
COMSPEC = C:\windows\system32\cmd.exe
# environment
WINDIR = C:\windows
# environment
MAKELEVEL := 0
# default
MAKE = $(MAKE_COMMAND)
# environment
PATH = C:\Users\okpal\anaconda3;C:\Users\okpal\anaconda3\Library\mingw-w64\bin;C:\Users\okpal\anaconda3\Library\usr\bin;C:\Users\okpal\anaconda3\Library\bin;C:\Users\okpal\anaconda3\Scripts;C:\Users\okpal\anaconda3\bin;C:\Program Files\PowerShell\7;C:\Users\okpal\AppData\Local\ActiveState\StateTool\release\bin;C:\Program Files (x86)\VMware\VMwareWorkstation\bin;C:\windows\system32;C:\windows;C:\windows\System32\Wbem;C:\windows\System32\WindowsPowerShell\v1.0;C:\windows\System32\OpenSSH;C:\ProgramData\chocolatey\bin;C:\ProgramData\nvm;C:\Program Files\nodejs;C:\Program Files\Go\bin;C:\Program Files\Git\cmd;C:\Program Files\PowerShell\7;C:\Program Files (x86)\Lua\5.1;C:\Program Files (x86)\Lua\5.1\clibs;C:\Program Files\TortoiseHg;C:\Program Files\dotnet;C:\Program Files\CMake\bin;C:\Program Files\Python\Python3.10\Scripts;C:\Program Files\Python\Python3.10;C:\Users\okpal\AppData\Local\Programs\Python\Launcher;C:\Users\okpal\AppData\Local\Programs\Microsoft VS Code Insiders\bin;C:\Users\okpal\go\bin;C:\Users\okpal\anaconda3\condabin;C:\Program Files\OpenSSL-Win64\bin;C:\Program Files\JetBrains\CLion 2022.1.3\bin;C:\Program Files\Python\Python3.10;C:\Users\okpal\AppData\Local\.bvm;C:\sqlite;C:\ProgramData\Anaconda3\condabin;C:\Users\okpal\anaconda3\condabin;C:\ProgramData\chocolatey\lib\mingw\tools\install\mingw64\bin;C:\SDL2;C:\SDL2\include;C:\Program Files\Python\Python3.10
# environment
COMPUTERNAME = NMOLAPTOP
# default
MAKEFILES := 
# automatic
^F = $(notdir $^)
# environment
PROMPT = $P$G
# environment
OPENSSL_CONF = C:\Program Files\OpenSSL-Win64\bin\openssl.cfg
# environment
CHOCOLATEYLASTPATHUPDATE = 133052405475012628
# environment
LOGONSERVER = \\NMOLAPTOP
# environment
USERNAME = okpal
# environment
COMMONPROGRAMFILES = C:\Program Files (x86)\Common Files
# automatic
?F = $(notdir $?)
# environment
PROGRAMW6432 = C:\Program Files
# environment
NO_PROXY = 127.0.0.1
# environment
PATHEXT = .COM;.EXE;.BAT;.CMD;.VBS;.VBE;.JS;.JSE;.WSF;.WSH;.MSC;.wlua;.lexe;.CPL
# automatic
+F = $(notdir $+)
# environment
ORIGINAL_XDG_CURRENT_DESKTOP = undefined
# environment
USERDOMAIN = NMOLAPTOP
# 'override' directive
GNUMAKEFLAGS := 
# environment
CONDA_DEFAULT_ENV = base
# environment
OS = Windows_NT
# environment
PLATFORMIO_PATH = C:\Users\okpal\.platformio\penv\Scripts;C:\Users\okpal\.platformio\penv;C:\Users\okpal\.platformio\python3;C:\Users\okpal\anaconda3;C:\Users\okpal\anaconda3\Library\mingw-w64\bin;C:\Users\okpal\anaconda3\Library\usr\bin;C:\Users\okpal\anaconda3\Library\bin;C:\Users\okpal\anaconda3\Scripts;C:\Users\okpal\anaconda3\bin;C:\Program Files\PowerShell\7;C:\Users\okpal\AppData\Local\ActiveState\StateTool\release\bin;C:\Program Files (x86)\VMware\VMwareWorkstation\bin;C:\windows\system32;C:\windows;C:\windows\System32\Wbem;C:\windows\System32\WindowsPowerShell\v1.0;C:\windows\System32\OpenSSH;C:\ProgramData\chocolatey\bin;C:\ProgramData\nvm;C:\Program Files\nodejs;C:\Program Files\Go\bin;C:\Program Files\Git\cmd;C:\Program Files\PowerShell\7;C:\Program Files (x86)\Lua\5.1;C:\Program Files (x86)\Lua\5.1\clibs;C:\Program Files\TortoiseHg;C:\Program Files\dotnet;C:\Program Files\CMake\bin;C:\Program Files\Python\Python3.10\Scripts;C:\Program Files\Python\Python3.10;C:\Users\okpal\AppData\Local\Programs\Python\Launcher;C:\Users\okpal\AppData\Local\Programs\Microsoft VS Code Insiders\bin;C:\Users\okpal\go\bin;C:\Users\okpal\anaconda3\condabin;C:\Program Files\OpenSSL-Win64\bin;C:\Program Files\JetBrains\CLion 2022.1.3\bin;C:\Program Files\Python\Python3.10;C:\Users\okpal\AppData\Local\.bvm;C:\sqlite;C:\ProgramData\Anaconda3\condabin;C:\Users\okpal\anaconda3\condabin;C:\ProgramData\chocolatey\lib\mingw\tools\install\mingw64\bin;C:\SDL2;C:\SDL2\include;C:\Program Files\Python\Python3.10;C:\Users\okpal\anaconda3;C:\Users\okpal\anaconda3\Library\mingw-w64\bin;C:\Users\okpal\anaconda3\Library\usr\bin;C:\Users\okpal\anaconda3\Library\bin;C:\Users\okpal\anaconda3\Scripts;C:\Users\okpal\anaconda3\bin;C:\Program Files\PowerShell\7;C:\Users\okpal\AppData\Local\ActiveState\StateTool\release\bin;C:\Program Files (x86)\VMware\VMwareWorkstation\bin;C:\windows\system32;C:\windows;C:\windows\System32\Wbem;C:\windows\System32\WindowsPowerShell\v1.0;C:\windows\System32\OpenSSH;C:\ProgramData\chocolatey\bin;C:\ProgramData\nvm;C:\Program Files\nodejs;C:\Program Files\Go\bin;C:\Program Files\Git\cmd;C:\Program Files\PowerShell\7;C:\Program Files (x86)\Lua\5.1;C:\Program Files (x86)\Lua\5.1\clibs;C:\Program Files\TortoiseHg;C:\Program Files\dotnet;C:\Program Files\CMake\bin;C:\Program Files\Python\Python3.10\Scripts;C:\Program Files\Python\Python3.10;C:\Users\okpal\AppData\Local\Programs\Python\Launcher;C:\Users\okpal\AppData\Local\Programs\Microsoft VS Code Insiders\bin;C:\Users\okpal\go\bin;C:\Users\okpal\anaconda3\condabin;C:\Program Files\OpenSSL-Win64\bin;C:\Program Files\JetBrains\CLion 2022.1.3\bin;C:\Program Files\Python\Python3.10;C:\Users\okpal\AppData\Local\.bvm;C:\sqlite;C:\ProgramData\Anaconda3\condabin;C:\Users\okpal\anaconda3\condabin;C:\ProgramData\chocolatey\lib\mingw\tools\install\mingw64\bin;C:\SDL2;C:\SDL2\include;C:\Program Files\Python\Python3.10
# makefile
.DEFAULT_GOAL := 
# environment
NVM_HOME = C:\ProgramData\nvm
# default
MAKE_VERSION := 4.3
# environment
PLATFORMCODE = KV
# environment
PROGRAMFILES(X86) = C:\Program Files (x86)
# environment
_CONDA_ROOT = C:\Users\okpal\anaconda3
# environment
USERDOMAIN_ROAMINGPROFILE = NMOLAPTOP
# environment
NUMBER_OF_PROCESSORS = 12
# environment
PUBLIC = C:\Users\Public
# environment
APPDATA = C:\Users\okpal\AppData\Roaming
# environment
_CONDA_EXE = C:\Users\okpal\anaconda3\Scripts\conda.exe
# environment
HOMEDRIVE = C:
# environment
NVM_SYMLINK = C:\Program Files\nodejs
# environment
PROCESSOR_ARCHITECTURE = x86
# environment
VSCODE_AMD_ENTRYPOINT = vs/workbench/api/node/extensionHostProcess
# environment
PLATFORMIO_IDE = 2.5.1
# environment
COMMONPROGRAMFILES(X86) = C:\Program Files (x86)\Common Files
# environment
ELECTRON_RUN_AS_NODE = 1
# environment
TEMP = C:\Users\okpal\AppData\Local\Temp
# environment
VSCODE_IPC_HOOK = \\.\pipe\3b1581a8902b5a5252bafd9c04e9f22b-1.71.0-insider-main-sock
# default
.RECIPEPREFIX := 
# automatic
<F = $(notdir $<)
# default
SUFFIXES := 
# environment
ALLUSERSPROFILE = C:\ProgramData
# environment
VSCODE_CLI = 1
# environment
ELECTRON_NO_ATTACH_CONSOLE = 1
# default
.FEATURES := target-specific o 
rder-only second-expansion else-if shortest-stem undefine oneshell nocomment grouped-target extra-prereqs archives jobserver output-sync load
# environment
REGIONCODE = EMEA
# environment
PROCESSOR_REVISION = 6801
# environment
CONDA_EXE = C:\Users\okpal\anaconda3\Scripts\conda.exe
# environment
PROCESSOR_IDENTIFIER = AMD64 Family 23 Model 104 Stepping 1, AuthenticAMD
# variable set hash-table stats:
# Load=114/1024=11%, Rehash=0, Collisions=13/138=9%

# Pattern-specific Variable Values

# No pattern-specific variable values.

# Directories

# . (key c:/Users/Devology/MyRepos/json-parser, mtime 1661169373): 9 files, no impossibilities.

# 9 files, no impossibilities in 1 directories.

# Implicit Rules

# No implicit rules.

# Files

# Not a target:
Makefile:
#  Implicit rule search has been done.
#  File does not exist.
#  File has been updated.
#  Failed to be updated.

# Not a target:
.DEFAULT:
#  Implicit rule search has not been done.
#  Modification time never checked.
#  File has not been updated.

# Not a target:
all:
#  Command line target.
#  Implicit rule search has been done.
#  File does not exist.
#  File has not been updated.

# Not a target:
makefile:
#  Implicit rule search has been done.
#  File does not exist.
#  File has been updated.
#  Failed to be updated.

# Not a target:
makefile.mak:
#  Implicit rule search has been done.
#  File does not exist.
#  File has been updated.
#  Failed to be updated.

# Not a target:
GNUmakefile:
#  Implicit rule search has been done.
#  File does not exist.
#  File has been updated.
#  Failed to be updated.

# files hash-table stats:
# Load=7/1024=1%, Rehash=0, Collisions=0/16=0%
# VPATH Search Paths

# No 'vpath' search paths.

# No general ('VPATH' variable) search path.

# strcache buffers: 1 (0) / strings = 16 / storage = 138 B / avg = 8 B
# current buf: size = 8174 B / used = 138 B / count = 16 / avg = 8 B

# strcache performance: lookups = 19 / hit rate = 15%
# hash-table stats:
# Load=16/8192=0%, Rehash=0, Collisions=0/19=0%
# Finished Make data base on Mon Aug 22 12:58:10 2022

 
